# Logfile created on 2014-01-16 10:03:37 +0100 by logger.rb/44203
I, [2014-01-16T10:03:37.123700 #30385]  INFO -- : 3:  addressable (2.3.5) from /opt/boxen/rbenv/versions/2.1.0/lib/ruby/gems/2.1.0/specifications/addressable-2.3.5.gemspec
I, [2014-01-16T10:03:37.127763 #30385]  INFO -- : 3:  fast-stemmer (1.0.2) from /opt/boxen/rbenv/versions/2.1.0/lib/ruby/gems/2.1.0/specifications/fast-stemmer-1.0.2.gemspec
I, [2014-01-16T10:03:37.127919 #30382]  INFO -- : 0:  blankslate (2.1.2.4) from /opt/boxen/rbenv/versions/2.1.0/lib/ruby/gems/2.1.0/specifications/blankslate-2.1.2.4.gemspec
I, [2014-01-16T10:03:37.130002 #30385]  INFO -- : 3:  colorator (0.1) from /opt/boxen/rbenv/versions/2.1.0/lib/ruby/gems/2.1.0/specifications/colorator-0.1.gemspec
I, [2014-01-16T10:03:37.130452 #30382]  INFO -- : 0:  highline (1.6.20) from /opt/boxen/rbenv/versions/2.1.0/lib/ruby/gems/2.1.0/specifications/highline-1.6.20.gemspec
I, [2014-01-16T10:03:38.260097 #30385]  INFO -- : 3:  dotenv (0.9.0) from /opt/boxen/rbenv/versions/2.1.0/lib/ruby/gems/2.1.0/specifications/dotenv-0.9.0.gemspec
I, [2014-01-16T10:03:38.562479 #30384]  INFO -- : 2:  rake (10.1.1) from /opt/boxen/rbenv/versions/2.1.0/lib/ruby/gems/2.1.0/specifications/rake-10.1.1.gemspec
I, [2014-01-16T10:03:38.563682 #30384]  INFO -- : 2:  ffi (1.9.3) from /opt/boxen/rbenv/versions/2.1.0/lib/ruby/gems/2.1.0/specifications/ffi-1.9.3.gemspec
I, [2014-01-16T10:03:39.174316 #30382]  INFO -- : 0:  excon (0.31.0) from /opt/boxen/rbenv/versions/2.1.0/lib/ruby/gems/2.1.0/specifications/excon-0.31.0.gemspec
I, [2014-01-16T10:03:39.175805 #30382]  INFO -- : 0:  liquid (2.5.5) from /opt/boxen/rbenv/versions/2.1.0/lib/ruby/gems/2.1.0/specifications/liquid-2.5.5.gemspec
I, [2014-01-16T10:03:39.177195 #30382]  INFO -- : 0:  rb-fsevent (0.9.4) from /opt/boxen/rbenv/versions/2.1.0/lib/ruby/gems/2.1.0/specifications/rb-fsevent-0.9.4.gemspec
I, [2014-01-16T10:03:39.178332 #30382]  INFO -- : 0:  maruku (0.7.0) from /opt/boxen/rbenv/versions/2.1.0/lib/ruby/gems/2.1.0/specifications/maruku-0.7.0.gemspec
I, [2014-01-16T10:03:39.179610 #30382]  INFO -- : 0:  posix-spawn (0.3.8) from /opt/boxen/rbenv/versions/2.1.0/lib/ruby/gems/2.1.0/specifications/posix-spawn-0.3.8.gemspec
I, [2014-01-16T10:03:39.180769 #30382]  INFO -- : 0:  yajl-ruby (1.1.0) from /opt/boxen/rbenv/versions/2.1.0/lib/ruby/gems/2.1.0/specifications/yajl-ruby-1.1.0.gemspec
I, [2014-01-16T10:03:39.181693 #30382]  INFO -- : 0:  redcarpet (2.3.0) from /opt/boxen/rbenv/versions/2.1.0/lib/ruby/gems/2.1.0/specifications/redcarpet-2.3.0.gemspec
I, [2014-01-16T10:03:39.182540 #30382]  INFO -- : 0:  safe_yaml (0.9.7) from /opt/boxen/rbenv/versions/2.1.0/lib/ruby/gems/2.1.0/specifications/safe_yaml-0.9.7.gemspec
I, [2014-01-16T10:03:39.279059 #30385]  INFO -- : 3:  multipart-post (2.0.0) from /opt/boxen/rbenv/versions/2.1.0/lib/ruby/gems/2.1.0/specifications/multipart-post-2.0.0.gemspec
I, [2014-01-16T10:03:39.653638 #30384]  INFO -- : 2:  git (1.2.6) from /opt/boxen/rbenv/versions/2.1.0/lib/ruby/gems/2.1.0/specifications/git-1.2.6.gemspec
I, [2014-01-16T10:03:40.770905 #30384]  INFO -- : 2:  multi_json (1.8.4) from /opt/boxen/rbenv/versions/2.1.0/lib/ruby/gems/2.1.0/specifications/multi_json-1.8.4.gemspec
I, [2014-01-16T10:03:40.772949 #30384]  INFO -- : 2:  netrc (0.7.7) from /opt/boxen/rbenv/versions/2.1.0/lib/ruby/gems/2.1.0/specifications/netrc-0.7.7.gemspec
I, [2014-01-16T10:03:40.778492 #30384]  INFO -- : 2:  mime-types (2.0) from /opt/boxen/rbenv/versions/2.1.0/lib/ruby/gems/2.1.0/specifications/mime-types-2.0.gemspec
I, [2014-01-16T10:03:40.963430 #30382]  INFO -- : 0:  kramdown (1.3.1) from /opt/boxen/rbenv/versions/2.1.0/lib/ruby/gems/2.1.0/specifications/kramdown-1.3.1.gemspec
I, [2014-01-16T10:03:41.994260 #30384]  INFO -- : 2:  rubyzip (1.1.0) from /opt/boxen/rbenv/versions/2.1.0/lib/ruby/gems/2.1.0/specifications/rubyzip-1.1.0.gemspec
I, [2014-01-16T10:03:41.995977 #30384]  INFO -- : 2:  rack (1.5.2) from /opt/boxen/rbenv/versions/2.1.0/lib/ruby/gems/2.1.0/specifications/rack-1.5.2.gemspec
I, [2014-01-16T10:03:41.997806 #30384]  INFO -- : 2:  tilt (1.4.1) from /opt/boxen/rbenv/versions/2.1.0/lib/ruby/gems/2.1.0/specifications/tilt-1.4.1.gemspec
I, [2014-01-16T10:03:41.999446 #30384]  INFO -- : 2:  bundler (1.5.1) from /opt/boxen/rbenv/versions/2.1.0/lib/ruby/gems/2.1.0/specifications/bundler-1.5.1.gemspec
I, [2014-01-16T10:03:42.081713 #30382]  INFO -- : 0:  rack-ssl-enforcer (0.2.6) from /opt/boxen/rbenv/versions/2.1.0/lib/ruby/gems/2.1.0/specifications/rack-ssl-enforcer-0.2.6.gemspec
I, [2014-01-16T10:03:42.083113 #30382]  INFO -- : 0:  classifier (1.3.4) from /opt/boxen/rbenv/versions/2.1.0/lib/ruby/gems/2.1.0/specifications/classifier-1.3.4.gemspec
I, [2014-01-16T10:03:42.085574 #30382]  INFO -- : 0:  parslet (1.5.0) from /opt/boxen/rbenv/versions/2.1.0/lib/ruby/gems/2.1.0/specifications/parslet-1.5.0.gemspec
I, [2014-01-16T10:03:42.086576 #30382]  INFO -- : 0:  commander (4.1.5) from /opt/boxen/rbenv/versions/2.1.0/lib/ruby/gems/2.1.0/specifications/commander-4.1.5.gemspec
I, [2014-01-16T10:03:42.087591 #30382]  INFO -- : 0:  rb-inotify (0.9.3) from /opt/boxen/rbenv/versions/2.1.0/lib/ruby/gems/2.1.0/specifications/rb-inotify-0.9.3.gemspec
I, [2014-01-16T10:03:42.088598 #30382]  INFO -- : 0:  rb-kqueue (0.2.0) from /opt/boxen/rbenv/versions/2.1.0/lib/ruby/gems/2.1.0/specifications/rb-kqueue-0.2.0.gemspec
I, [2014-01-16T10:03:42.089525 #30382]  INFO -- : 0:  pygments.rb (0.5.4) from /opt/boxen/rbenv/versions/2.1.0/lib/ruby/gems/2.1.0/specifications/pygments.rb-0.5.4.gemspec
I, [2014-01-16T10:03:43.095466 #30384]  INFO -- : 2:  launchy (2.4.2) from /opt/boxen/rbenv/versions/2.1.0/lib/ruby/gems/2.1.0/specifications/launchy-2.4.2.gemspec
I, [2014-01-16T10:03:43.322161 #30382]  INFO -- : 0:  faraday (0.9.0) from /opt/boxen/rbenv/versions/2.1.0/lib/ruby/gems/2.1.0/specifications/faraday-0.9.0.gemspec
I, [2014-01-16T10:03:44.270760 #30384]  INFO -- : 2:  heroku-api (0.3.16) from /opt/boxen/rbenv/versions/2.1.0/lib/ruby/gems/2.1.0/specifications/heroku-api-0.3.16.gemspec
I, [2014-01-16T10:03:44.521148 #30382]  INFO -- : 0:  rest-client (1.6.7) from /opt/boxen/rbenv/versions/2.1.0/lib/ruby/gems/2.1.0/specifications/rest-client-1.6.7.gemspec
I, [2014-01-16T10:03:44.522343 #30382]  INFO -- : 0:  warden (1.2.3) from /opt/boxen/rbenv/versions/2.1.0/lib/ruby/gems/2.1.0/specifications/warden-1.2.3.gemspec
I, [2014-01-16T10:03:44.523378 #30382]  INFO -- : 0:  toml (0.1.0) from /opt/boxen/rbenv/versions/2.1.0/lib/ruby/gems/2.1.0/specifications/toml-0.1.0.gemspec
I, [2014-01-16T10:03:44.524459 #30382]  INFO -- : 0:  listen (1.3.1) from /opt/boxen/rbenv/versions/2.1.0/lib/ruby/gems/2.1.0/specifications/listen-1.3.1.gemspec
I, [2014-01-16T10:03:44.525401 #30382]  INFO -- : 0:  sawyer (0.5.2) from /opt/boxen/rbenv/versions/2.1.0/lib/ruby/gems/2.1.0/specifications/sawyer-0.5.2.gemspec
I, [2014-01-16T10:03:44.614804 #30383]  INFO -- : 1:  RedCloth (4.2.9) from /opt/boxen/rbenv/versions/2.1.0/lib/ruby/gems/2.1.0/specifications/RedCloth-4.2.9.gemspec
I, [2014-01-16T10:03:44.616060 #30383]  INFO -- : 1:  jekyll (1.4.3) from /opt/boxen/rbenv/versions/2.1.0/lib/ruby/gems/2.1.0/specifications/jekyll-1.4.3.gemspec
I, [2014-01-16T10:03:44.617106 #30383]  INFO -- : 1:  octokit (2.7.0) from /opt/boxen/rbenv/versions/2.1.0/lib/ruby/gems/2.1.0/specifications/octokit-2.7.0.gemspec
I, [2014-01-16T10:03:45.312739 #30384]  INFO -- : 2:  rack-protection (1.5.2) from /opt/boxen/rbenv/versions/2.1.0/lib/ruby/gems/2.1.0/specifications/rack-protection-1.5.2.gemspec
I, [2014-01-16T10:03:45.907473 #30382]  INFO -- : 0:  heroku (3.2.2) from /opt/boxen/rbenv/versions/2.1.0/lib/ruby/gems/2.1.0/specifications/heroku-3.2.2.gemspec
I, [2014-01-16T10:03:46.212597 #30383]  INFO -- : 1:  warden-github (1.0.0) from /opt/boxen/rbenv/versions/2.1.0/lib/ruby/gems/2.1.0/specifications/warden-github-1.0.0.gemspec
I, [2014-01-16T10:03:46.866896 #30384]  INFO -- : 2:  sinatra (1.4.4) from /opt/boxen/rbenv/versions/2.1.0/lib/ruby/gems/2.1.0/specifications/sinatra-1.4.4.gemspec
I, [2014-01-16T10:03:46.917489 #30385]  INFO -- : 3:  rdiscount (2.1.7) from /opt/boxen/rbenv/versions/2.1.0/lib/ruby/gems/2.1.0/specifications/rdiscount-2.1.7.gemspec
I, [2014-01-16T10:03:48.039262 #30384]  INFO -- : 2:  github-pages (14) from /opt/boxen/rbenv/versions/2.1.0/lib/ruby/gems/2.1.0/specifications/github-pages-14.gemspec
I, [2014-01-16T10:03:48.155998 #30383]  INFO -- : 1:  sinatra-index (0.0.2) from /opt/boxen/rbenv/versions/2.1.0/lib/ruby/gems/2.1.0/specifications/sinatra-index-0.0.2.gemspec
I, [2014-01-16T10:03:48.896600 #30382]  INFO -- : 0:  sinatra_auth_github (1.0.0) from /opt/boxen/rbenv/versions/2.1.0/lib/ruby/gems/2.1.0/specifications/sinatra_auth_github-1.0.0.gemspec
I, [2014-01-16T10:03:48.930522 #30385]  INFO -- : 3:  jekyll-auth (0.3.0) from /Users/ys/src/jekyll-auth/jekyll-auth.gemspec
